2017-02-12 20:33:04: -- Analysis Started by User Command
2017-02-12 20:33:16: Found mirror state file (left by unfinished sync), use it instead of remote state file: C:/Users/Administrator/AppData/Roaming/GoodSync/_mirrors_/gdrive-www.googleapis.com-jav/_file_state_v4._gs
2017-02-12 20:33:17: Found mirror state file (left by unfinished sync), use it instead of remote state file: C:/Users/Administrator/AppData/Roaming/GoodSync/_mirrors_/gdrive-www.googleapis.com-jav-50 file/_file_state_v4._gs
2017-02-12 20:33:19: Cannot Delete Overridden Lock at gdrive://www.googleapis.com/jav/50 file/01: unsubscribing from file: Not Found by server, Permission not found: 10730846039143481683
2017-02-12 20:33:19: Found mirror state file (left by unfinished sync), use it instead of remote state file: C:/Users/Administrator/AppData/Roaming/GoodSync/_mirrors_/gdrive-www.googleapis.com-jav-50 file-01/_file_state_v4._gs
2017-02-12 20:33:47: File ModTime changed but CheckSum remains the same, request CopyTime: /50 file/01/00595_w_s_ayumi_hd.mkv.mp4
2017-02-12 20:33:47: File ModTime changed but CheckSum remains the same, request CopyTime: /50 file/01/400_mai_03_hd.mp4
2017-02-12 20:33:47: File ModTime changed but CheckSum remains the same, request CopyTime: /50 file/01/401_ai_04_hd.wmv.mp4
2017-02-12 20:33:47: File ModTime changed but CheckSum remains the same, request CopyTime: /50 file/01/404_iroha_03_hd.wmv.mp4
2017-02-12 20:33:47: File ModTime changed but CheckSum remains the same, request CopyTime: /50 file/01/420_hina_03_hd.wmv.mp4
2017-02-12 20:33:47: File ModTime changed but CheckSum remains the same, request CopyTime: /50 file/01/427_nene_03_hd.wmv.mp4
2017-02-12 20:33:47: File ModTime changed but CheckSum remains the same, request CopyTime: /50 file/01/430_yuka_02-01_hd.wmv.mp4
2017-02-12 20:33:47: File ModTime changed but CheckSum remains the same, request CopyTime: /50 file/01/431_umi_04_hd.wmv.mp4
2017-02-12 20:33:47: File ModTime changed but CheckSum remains the same, request CopyTime: /50 file/01/437_maki_03_hd.wmv.mp4
2017-02-12 20:33:47: File ModTime changed but CheckSum remains the same, request CopyTime: /50 file/01/442_ian_03_hd.wmv.mp4
2017-02-12 20:33:47: File ModTime changed but CheckSum remains the same, request CopyTime: /50 file/01/443_ai_03_hd.wmv.mp4
2017-02-12 20:33:47: File ModTime changed but CheckSum remains the same, request CopyTime: /50 file/01/446_aimi_03_hd.mp4
2017-02-12 20:33:47: File ModTime changed but CheckSum remains the same, request CopyTime: /50 file/01/447_sally_03_hd.wmv.mp4
2017-02-12 20:33:47: File ModTime changed but CheckSum remains the same, request CopyTime: /50 file/01/448_misaki_02_hd.wmv.mp4
2017-02-12 20:33:47: File ModTime changed but CheckSum remains the same, request CopyTime: /50 file/01/449_ichika_01_hd.wmv.mp4
2017-02-12 20:33:47: File ModTime changed but CheckSum remains the same, request CopyTime: /50 file/01/449_ichika_02_hd.wmv.mp4
2017-02-12 20:33:47: File ModTime changed but CheckSum remains the same, request CopyTime: /50 file/01/450_hatsune_01_hd.wmv.mp4
2017-02-12 20:33:47: File ModTime changed but CheckSum remains the same, request CopyTime: /50 file/01/450_hatsune_02_hd.wmv.mp4
2017-02-12 20:33:47: File ModTime changed but CheckSum remains the same, request CopyTime: /50 file/01/451_ami_01_hd.wmv.mp4
2017-02-12 20:33:47: File ModTime changed but CheckSum remains the same, request CopyTime: /50 file/01/451_ami_02_hd.wmv.mp4
2017-02-12 20:33:47: File ModTime changed but CheckSum remains the same, request CopyTime: /50 file/01/452_sae_01_hd.wmv.mp4
2017-02-12 20:33:47: File ModTime changed but CheckSum remains the same, request CopyTime: /50 file/01/453_yuuna_01_hd.mp4
2017-02-12 20:33:47: File ModTime changed but CheckSum remains the same, request CopyTime: /50 file/01/453_yuuna_03_hd.wmv.mp4
2017-02-12 20:33:47: File ModTime changed but CheckSum remains the same, request CopyTime: /50 file/01/454_chihiro_01_sd.mp4
2017-02-12 20:33:47: File ModTime changed but CheckSum remains the same, request CopyTime: /50 file/01/455_satomi_01_hd.wmv.mp4
2017-02-12 20:33:47: File ModTime changed but CheckSum remains the same, request CopyTime: /50 file/01/456_nozomi_01_hd.wmv.mp4
2017-02-12 20:33:47: File ModTime changed but CheckSum remains the same, request CopyTime: /50 file/01/457_mai_01_hd.wmv.mp4
2017-02-12 20:33:47: File ModTime changed but CheckSum remains the same, request CopyTime: /50 file/01/458_rico_01_hd.wmv.mp4
2017-02-12 20:33:47: File ModTime changed but CheckSum remains the same, request CopyTime: /50 file/01/459_miko_01_hd.wmv.mp4
2017-02-12 20:33:47: File ModTime changed but CheckSum remains the same, request CopyTime: /50 file/01/460_aoi_01_hd.wmv.mp4
2017-02-12 20:33:47: File ModTime changed but CheckSum remains the same, request CopyTime: /50 file/01/461_minami_01_hd.wmv.mp4
2017-02-12 20:33:47: File ModTime changed but CheckSum remains the same, request CopyTime: /50 file/01/462_shiho_01_hd.wmv.mp4
2017-02-12 20:33:47: File ModTime changed but CheckSum remains the same, request CopyTime: /50 file/01/463_wakana_01_hd.mp4
2017-02-12 20:33:47: File ModTime changed but CheckSum remains the same, request CopyTime: /50 file/01/464_azuki_01_hd.mp4
2017-02-12 20:33:47: File ModTime changed but CheckSum remains the same, request CopyTime: /50 file/01/465_non_01_hd.wmv.mp4
2017-02-12 20:33:47: File ModTime changed but CheckSum remains the same, request CopyTime: /50 file/01/ABNOMAL-002.mp4
2017-02-12 20:33:47: File ModTime changed but CheckSum remains the same, request CopyTime: /50 file/01/ABNOMAL-003.mp4
2017-02-12 20:33:47: File ModTime changed but CheckSum remains the same, request CopyTime: /50 file/01/ABNOMAL-004.mp4
2017-02-12 20:33:47: File ModTime changed but CheckSum remains the same, request CopyTime: /50 file/01/ABNOMAL-005.mp4
2017-02-12 20:33:47: File ModTime changed but CheckSum remains the same, request CopyTime: /50 file/01/ABNOMAL-006.mp4
2017-02-12 20:33:47: File ModTime changed but CheckSum remains the same, request CopyTime: /50 file/01/ABNOMAL-007.mp4
2017-02-12 20:33:47: File ModTime changed but CheckSum remains the same, request CopyTime: /50 file/01/ABNOMAL-008.mp4
2017-02-12 20:33:47: File ModTime changed but CheckSum remains the same, request CopyTime: /50 file/01/ABNOMAL-010.mp4
2017-02-12 20:33:47: File ModTime changed but CheckSum remains the same, request CopyTime: /50 file/01/ABNOMAL-011.mp4
2017-02-12 20:33:47: File ModTime changed but CheckSum remains the same, request CopyTime: /50 file/01/ABNOMAL-012.mp4
2017-02-12 20:33:47: File ModTime changed but CheckSum remains the same, request CopyTime: /50 file/01/ABNOMAL-013.mp4
2017-02-12 20:33:47: File ModTime changed but CheckSum remains the same, request CopyTime: /50 file/01/ABNOMAL-015.mp4
2017-02-12 20:33:47: File ModTime changed but CheckSum remains the same, request CopyTime: /50 file/02/ABNOMAL-016.mp4
2017-02-12 20:33:47: File ModTime changed but CheckSum remains the same, request CopyTime: /50 file/02/ABNOMAL-018.mp4
2017-02-12 20:33:47: File ModTime changed but CheckSum remains the same, request CopyTime: /50 file/02/ABNOMAL-019.mp4
2017-02-12 20:33:47: File ModTime changed but CheckSum remains the same, request CopyTime: /50 file/02/ABNOMAL-021.mp4
2017-02-12 20:33:47: File ModTime changed but CheckSum remains the same, request CopyTime: /50 file/02/ABNOMAL-022.mp4
2017-02-12 20:33:47: File ModTime changed but CheckSum remains the same, request CopyTime: /50 file/02/ABNOMAL-023.mp4
2017-02-12 20:33:47: File ModTime changed but CheckSum remains the same, request CopyTime: /50 file/02/ABNOMAL-025.mp4
2017-02-12 20:33:47: File ModTime changed but CheckSum remains the same, request CopyTime: /50 file/02/ABNOMAL-026.mp4
2017-02-12 20:33:47: File ModTime changed but CheckSum remains the same, request CopyTime: /50 file/02/ABNOMAL-027.mp4
2017-02-12 20:33:47: File ModTime changed but CheckSum remains the same, request CopyTime: /50 file/02/ABNOMAL-028-01.mp4
2017-02-12 20:33:47: File ModTime changed but CheckSum remains the same, request CopyTime: /50 file/02/ABNOMAL-028-02.mp4
2017-02-12 20:33:47: File ModTime changed but CheckSum remains the same, request CopyTime: /50 file/02/ABNOMAL-028-03.mp4
2017-02-12 20:33:47: File ModTime changed but CheckSum remains the same, request CopyTime: /50 file/02/ABNOMAL-028-04.mp4
2017-02-12 20:33:47: File ModTime changed but CheckSum remains the same, request CopyTime: /50 file/02/ABNOMAL-028-05.mp4
2017-02-12 20:33:47: File ModTime changed but CheckSum remains the same, request CopyTime: /50 file/02/ABNOMAL-028-06.mp4
2017-02-12 20:33:47: File ModTime changed but CheckSum remains the same, request CopyTime: /50 file/02/ABNOMAL-028-07.mp4
2017-02-12 20:33:47: File ModTime changed but CheckSum remains the same, request CopyTime: /50 file/02/ABNOMAL-029-01.mp4
2017-02-12 20:33:47: File ModTime changed but CheckSum remains the same, request CopyTime: /50 file/02/ABNOMAL-029-02.mp4
2017-02-12 20:33:47: File ModTime changed but CheckSum remains the same, request CopyTime: /50 file/02/ABNOMAL-029-03.mp4
2017-02-12 20:33:47: File ModTime changed but CheckSum remains the same, request CopyTime: /50 file/02/ABNOMAL-029-04.mp4
2017-02-12 20:33:47: File ModTime changed but CheckSum remains the same, request CopyTime: /50 file/02/ABNOMAL-029-05.mp4
2017-02-12 20:33:47: File ModTime changed but CheckSum remains the same, request CopyTime: /50 file/02/ABNOMAL-029-06.mp4
2017-02-12 20:33:47: File ModTime changed but CheckSum remains the same, request CopyTime: /50 file/02/ABNOMAL-030-01.mp4
2017-02-12 20:33:47: File ModTime changed but CheckSum remains the same, request CopyTime: /50 file/02/ABNOMAL-030-02.mp4
2017-02-12 20:33:47: File ModTime changed but CheckSum remains the same, request CopyTime: /50 file/02/ABNOMAL-030-03.mp4
2017-02-12 20:33:47: File ModTime changed but CheckSum remains the same, request CopyTime: /50 file/02/ABNOMAL-030-04.mp4
2017-02-12 20:33:47: File ModTime changed but CheckSum remains the same, request CopyTime: /50 file/02/ABNOMAL-030-05.mp4
2017-02-12 20:33:47: File ModTime changed but CheckSum remains the same, request CopyTime: /50 file/02/ABP-377.mp4
2017-02-12 20:33:47: File ModTime changed but CheckSum remains the same, request CopyTime: /50 file/02/ABP-435.mp4
2017-02-12 20:33:47: File ModTime changed but CheckSum remains the same, request CopyTime: /50 file/02/ABP-436.mp4
2017-02-12 20:33:47: File ModTime changed but CheckSum remains the same, request CopyTime: /50 file/02/ABP-437.mp4
2017-02-12 20:33:47: File ModTime changed but CheckSum remains the same, request CopyTime: /50 file/02/ABP-438.mp4
2017-02-12 20:33:47: File ModTime changed but CheckSum remains the same, request CopyTime: /50 file/02/ABP-439.mp4
2017-02-12 20:33:47: File ModTime changed but CheckSum remains the same, request CopyTime: /50 file/02/ABP-440.mp4
2017-02-12 20:33:47: File ModTime changed but CheckSum remains the same, request CopyTime: /50 file/02/ABP-441.mp4
2017-02-12 20:33:47: File ModTime changed but CheckSum remains the same, request CopyTime: /50 file/02/ABP-442.mp4
2017-02-12 20:33:47: File ModTime changed but CheckSum remains the same, request CopyTime: /50 file/02/ABP-443.mp4
2017-02-12 20:33:47: File ModTime changed but CheckSum remains the same, request CopyTime: /50 file/02/ABP-444.mp4
2017-02-12 20:33:47: File ModTime changed but CheckSum remains the same, request CopyTime: /50 file/02/ABP-449.mp4
2017-02-12 20:33:47: File ModTime changed but CheckSum remains the same, request CopyTime: /50 file/02/ABP-451.mp4
2017-02-12 20:33:47: File ModTime changed but CheckSum remains the same, request CopyTime: /50 file/02/ABP-452.mp4
2017-02-12 20:33:47: File ModTime changed but CheckSum remains the same, request CopyTime: /50 file/02/ABP-453.mp4
2017-02-12 20:33:47: File ModTime changed but CheckSum remains the same, request CopyTime: /50 file/02/ABP-454.mp4
2017-02-12 20:33:47: File ModTime changed but CheckSum remains the same, request CopyTime: /50 file/02/ABP-455.mp4
2017-02-12 20:33:47: File ModTime changed but CheckSum remains the same, request CopyTime: /50 file/02/ABP-456.mp4
2017-02-12 20:33:47: File ModTime changed but CheckSum remains the same, request CopyTime: /50 file/02/ABP-457HD.mp4
2017-02-12 20:33:47: File ModTime changed but CheckSum remains the same, request CopyTime: /50 file/02/ABP-459HD.mp4
2017-02-12 20:33:47: File ModTime changed but CheckSum remains the same, request CopyTime: /50 file/02/ABP-460.mp4
2017-02-12 20:33:47: File ModTime changed but CheckSum remains the same, request CopyTime: /50 file/02/ABP-461.mp4
2017-02-12 20:33:47: File ModTime changed but CheckSum remains the same, request CopyTime: /50 file/02/ABP-462HD.mp4
2017-02-12 20:33:47: File ModTime changed but CheckSum remains the same, request CopyTime: /50 file/03/ABP-463.mp4
2017-02-12 20:33:47: File ModTime changed but CheckSum remains the same, request CopyTime: /50 file/03/ABP-464.mp4
2017-02-12 20:33:47: File ModTime changed but CheckSum remains the same, request CopyTime: /50 file/03/ABP-465.mp4
2017-02-12 20:33:47: File ModTime changed but CheckSum remains the same, request CopyTime: /50 file/03/ABP-466.mp4
2017-02-12 20:33:47: File ModTime changed but CheckSum remains the same, request CopyTime: /50 file/03/ABP-467.mp4
2017-02-12 20:33:47: File ModTime changed but CheckSum remains the same, request CopyTime: /50 file/03/ABP-468.mp4
2017-02-12 20:33:47: File ModTime changed but CheckSum remains the same, request CopyTime: /50 file/03/ABP-469.mp4
2017-02-12 20:33:47: File ModTime changed but CheckSum remains the same, request CopyTime: /50 file/03/ABP-470.mp4
2017-02-12 20:33:47: File ModTime changed but CheckSum remains the same, request CopyTime: /50 file/03/ABP-471.mp4
2017-02-12 20:33:47: File ModTime changed but CheckSum remains the same, request CopyTime: /50 file/03/ABP-474HD.mp4
2017-02-12 20:33:47: File ModTime changed but CheckSum remains the same, request CopyTime: /50 file/03/ABP-481HD.mp4
2017-02-12 20:33:47: File ModTime changed but CheckSum remains the same, request CopyTime: /50 file/03/ABP-496.mp4
2017-02-12 20:33:47: File ModTime changed but CheckSum remains the same, request CopyTime: /50 file/03/ABP-497.mp4
2017-02-12 20:33:47: File ModTime changed but CheckSum remains the same, request CopyTime: /50 file/03/ABP-499.mp4
2017-02-12 20:33:47: File ModTime changed but CheckSum remains the same, request CopyTime: /50 file/03/ABP-500.mp4
2017-02-12 20:33:47: File ModTime changed but CheckSum remains the same, request CopyTime: /50 file/03/ABP-501.mp4
2017-02-12 20:33:47: File ModTime changed but CheckSum remains the same, request CopyTime: /50 file/03/ABP-502HD.mp4
2017-02-12 20:33:47: File ModTime changed but CheckSum remains the same, request CopyTime: /50 file/03/ABP-503.mp4
2017-02-12 20:33:47: File ModTime changed but CheckSum remains the same, request CopyTime: /50 file/03/ABP-504.mp4
2017-02-12 20:33:49: Changes: 9,990, Conflicts: 0, CopyTime: 0, CopyState: 57/3,053, Errors: 0, All: 13105
2017-02-12 20:33:49: Left to Right: Copy File: 163 Delete File: 1675 Rename/Move File/Folder: 8152 Copy State: 57 
2017-02-12 20:33:49: -- Analysis Complete. Time 00:00:46, Speed: 283 files/s
2017-02-12 20:33:49: 
2017-02-12 20:34:20: == Sync Started by User Command
2017-02-12 20:34:30: Another job is Syncing in folder gdrive://www.googleapis.com/jav/50 file/01,
it was started by: By: d.Administrator@VMI90141 at: 2017.02.07 07:34:52 W. Europe Standard Time.
2017-02-12 20:34:30: 
2017-02-12 20:35:10: == Sync Started by User Command
2017-02-12 20:35:22: Cannot Delete Overridden Lock at gdrive://www.googleapis.com/jav/50 file/01: unsubscribing from file: Not Found by server, Permission not found: 10730846039143481683
2017-02-12 20:35:24: Delete Folder 'gdrive://www.googleapis.com/jav/112'
- ERROR: Cannot delete folder: unsubscribing from file: Not Found by server, Permission not found: 10730846039143481683
2017-02-12 20:35:25: Waiting for 8 sec on verb POST: Server says: Forbidden (status code 403), User rate limit exceeded
2017-02-12 20:35:33: Waiting for 16 sec on verb POST: Server says: Forbidden (status code 403), User rate limit exceeded
2017-02-12 20:35:51: Waiting for 30 sec on verb POST: Server says: Forbidden (status code 403), User rate limit exceeded
2017-02-12 20:36:22: Waiting for 30 sec on verb POST: Server says: Forbidden (status code 403), User rate limit exceeded
2017-02-12 20:36:52: Waiting for 30 sec on verb POST: Server says: Forbidden (status code 403), User rate limit exceeded
2017-02-12 20:37:24: Delete File 'gdrive://www.googleapis.com/jav/50 file/01/00595_w_s_ayumi_hd.mkv.mp4'
- ERROR: no reply after 120(120)-sec timeout: Server says: Forbidden (status code 403), User rate limit exceeded
2017-02-12 20:37:27: Save State File /50 file/01
- ERROR: Do not save state file on disconnected file system: gdrive://www.googleapis.com/jav/50 file/01/_gsdata_/_file_state_v4._gs
2017-02-12 20:37:27: Save State File /50 file
- ERROR: Do not save state file on disconnected file system: gdrive://www.googleapis.com/jav/50 file/_gsdata_/_file_state_v4._gs
2017-02-12 20:37:28: Save State File 
- ERROR: Do not save state file on disconnected file system: gdrive://www.googleapis.com/jav/_gsdata_/_file_state_v4._gs
2017-02-12 20:37:30: no reply after 120(120)-sec timeout: Server says: Forbidden (status code 403), User rate limit exceeded
2017-02-12 20:37:30: 
2017-02-13 12:44:15: == Sync Started by User Command
2017-02-13 12:44:18: Delete abandoned lock file at gdrive://www.googleapis.com/jav
2017-02-13 12:44:30: Delete abandoned lock file at gdrive://www.googleapis.com/jav/50 file
2017-02-13 12:44:38: Another job is Syncing in folder gdrive://www.googleapis.com/jav/50 file/01,
it was started by: By: d.Administrator@VMI90141 at: 2017.02.07 07:34:52 W. Europe Standard Time.
2017-02-13 12:44:38: 
